2023-02-05 21:34:46,358 - mmcls - INFO - Environment info:
------------------------------------------------------------
sys.platform: linux
Python: 3.8.16 (default, Jan 17 2023, 23:13:24) [GCC 11.2.0]
CUDA available: True
GPU 0: Tesla V100-SXM2-32GB
CUDA_HOME: /data/apps/cuda/11.1
NVCC: Cuda compilation tools, release 11.1, V11.1.105
GCC: gcc (GCC) 7.3.0
PyTorch: 1.10.0+cu111
PyTorch compiling details: PyTorch built with:
  - GCC 7.3
  - C++ Version: 201402
  - Intel(R) Math Kernel Library Version 2020.0.0 Product Build 20191122 for Intel(R) 64 architecture applications
  - Intel(R) MKL-DNN v2.2.3 (Git Hash 7336ca9f055cf1bfa13efb658fe15dc9b41f0740)
  - OpenMP 201511 (a.k.a. OpenMP 4.5)
  - LAPACK is enabled (usually provided by MKL)
  - NNPACK is enabled
  - CPU capability usage: AVX512
  - CUDA Runtime 11.1
  - NVCC architecture flags: -gencode;arch=compute_37,code=sm_37;-gencode;arch=compute_50,code=sm_50;-gencode;arch=compute_60,code=sm_60;-gencode;arch=compute_70,code=sm_70;-gencode;arch=compute_75,code=sm_75;-gencode;arch=compute_80,code=sm_80;-gencode;arch=compute_86,code=sm_86
  - CuDNN 8.0.5
  - Magma 2.5.2
  - Build settings: BLAS_INFO=mkl, BUILD_TYPE=Release, CUDA_VERSION=11.1, CUDNN_VERSION=8.0.5, CXX_COMPILER=/opt/rh/devtoolset-7/root/usr/bin/c++, CXX_FLAGS= -Wno-deprecated -fvisibility-inlines-hidden -DUSE_PTHREADPOOL -fopenmp -DNDEBUG -DUSE_KINETO -DUSE_FBGEMM -DUSE_QNNPACK -DUSE_PYTORCH_QNNPACK -DUSE_XNNPACK -DSYMBOLICATE_MOBILE_DEBUG_HANDLE -DEDGE_PROFILER_USE_KINETO -O2 -fPIC -Wno-narrowing -Wall -Wextra -Werror=return-type -Wno-missing-field-initializers -Wno-type-limits -Wno-array-bounds -Wno-unknown-pragmas -Wno-sign-compare -Wno-unused-parameter -Wno-unused-variable -Wno-unused-function -Wno-unused-result -Wno-unused-local-typedefs -Wno-strict-overflow -Wno-strict-aliasing -Wno-error=deprecated-declarations -Wno-stringop-overflow -Wno-psabi -Wno-error=pedantic -Wno-error=redundant-decls -Wno-error=old-style-cast -fdiagnostics-color=always -faligned-new -Wno-unused-but-set-variable -Wno-maybe-uninitialized -fno-math-errno -fno-trapping-math -Werror=format -Wno-stringop-overflow, LAPACK_INFO=mkl, PERF_WITH_AVX=1, PERF_WITH_AVX2=1, PERF_WITH_AVX512=1, TORCH_VERSION=1.10.0, USE_CUDA=ON, USE_CUDNN=ON, USE_EXCEPTION_PTR=1, USE_GFLAGS=OFF, USE_GLOG=OFF, USE_MKL=ON, USE_MKLDNN=ON, USE_MPI=OFF, USE_NCCL=ON, USE_NNPACK=ON, USE_OPENMP=ON, 

TorchVision: 0.11.0+cu111
OpenCV: 4.7.0
MMCV: 1.7.0
MMCV Compiler: GCC 7.3
MMCV CUDA Compiler: 11.1
MMClassification: 0.25.0+3d4f80d
------------------------------------------------------------

2023-02-05 21:34:46,359 - mmcls - INFO - Distributed training: False
2023-02-05 21:34:47,021 - mmcls - INFO - Config:
model = dict(
    type='ImageClassifier',
    backbone=dict(
        type='ResNet',
        depth=18,
        num_stages=4,
        out_indices=(3, ),
        style='pytorch'),
    neck=dict(type='GlobalAveragePooling'),
    head=dict(
        type='LinearClsHead',
        num_classes=5,
        in_channels=512,
        loss=dict(type='CrossEntropyLoss', loss_weight=1.0),
        topk=(1, )))
dataset_type = 'ImageNet'
img_norm_cfg = dict(
    mean=[123.675, 116.28, 103.53], std=[58.395, 57.12, 57.375], to_rgb=True)
train_pipeline = [
    dict(type='LoadImageFromFile'),
    dict(type='RandomResizedCrop', size=224),
    dict(type='RandomFlip', flip_prob=0.5, direction='horizontal'),
    dict(
        type='Normalize',
        mean=[123.675, 116.28, 103.53],
        std=[58.395, 57.12, 57.375],
        to_rgb=True),
    dict(type='ImageToTensor', keys=['img']),
    dict(type='ToTensor', keys=['gt_label']),
    dict(type='Collect', keys=['img', 'gt_label'])
]
test_pipeline = [
    dict(type='LoadImageFromFile'),
    dict(type='Resize', size=(256, -1)),
    dict(type='CenterCrop', crop_size=224),
    dict(
        type='Normalize',
        mean=[123.675, 116.28, 103.53],
        std=[58.395, 57.12, 57.375],
        to_rgb=True),
    dict(type='ImageToTensor', keys=['img']),
    dict(type='Collect', keys=['img'])
]
data = dict(
    samples_per_gpu=32,
    workers_per_gpu=2,
    train=dict(
        type='ImageNet',
        data_prefix=
        '/data/home/scv9159/mmclassification/mmclassification/data/flower/train',
        pipeline=[
            dict(type='LoadImageFromFile'),
            dict(type='RandomResizedCrop', size=224),
            dict(type='RandomFlip', flip_prob=0.5, direction='horizontal'),
            dict(
                type='Normalize',
                mean=[123.675, 116.28, 103.53],
                std=[58.395, 57.12, 57.375],
                to_rgb=True),
            dict(type='ImageToTensor', keys=['img']),
            dict(type='ToTensor', keys=['gt_label']),
            dict(type='Collect', keys=['img', 'gt_label'])
        ],
        ann_file=
        '/data/home/scv9159/mmclassification/mmclassification/data/flower/train.txt',
        classes=
        '/data/home/scv9159/mmclassification/mmclassification/data/flower/classes.txt'
    ),
    val=dict(
        type='ImageNet',
        data_prefix=
        '/data/home/scv9159/mmclassification/mmclassification/data/flower/val',
        ann_file=
        '/data/home/scv9159/mmclassification/mmclassification/data/flower/val.txt',
        pipeline=[
            dict(type='LoadImageFromFile'),
            dict(type='Resize', size=(256, -1)),
            dict(type='CenterCrop', crop_size=224),
            dict(
                type='Normalize',
                mean=[123.675, 116.28, 103.53],
                std=[58.395, 57.12, 57.375],
                to_rgb=True),
            dict(type='ImageToTensor', keys=['img']),
            dict(type='Collect', keys=['img'])
        ],
        classes=
        '/data/home/scv9159/mmclassification/mmclassification/data/flower/classes.txt'
    ),
    test=dict(
        type='ImageNet',
        data_prefix='data/imagenet/val',
        ann_file='data/imagenet/meta/val.txt',
        pipeline=[
            dict(type='LoadImageFromFile'),
            dict(type='Resize', size=(256, -1)),
            dict(type='CenterCrop', crop_size=224),
            dict(
                type='Normalize',
                mean=[123.675, 116.28, 103.53],
                std=[58.395, 57.12, 57.375],
                to_rgb=True),
            dict(type='ImageToTensor', keys=['img']),
            dict(type='Collect', keys=['img'])
        ]))
evaluation = dict(interval=1, metric='accuracy')
checkpoint_config = dict(interval=1)
log_config = dict(interval=100, hooks=[dict(type='TextLoggerHook')])
dist_params = dict(backend='nccl')
log_level = 'INFO'
load_from = '/data/home/scv9159/mmclassification/mmclassification/checkpoints/checkpoints/resnet18_batch256_imagenet_20200708-34ab8f90.pth'
resume_from = None
workflow = [('train', 1)]
optimizer = dict(type='SGD', lr=0.001, momentum=0.9, weight_decay=0.0001)
optimizer_config = dict(grad_clip=None)
lr_config = dict(policy='step', step=[1])
runner = dict(type='EpochBasedRunner', max_epochs=100)
work_dir = 'work/resnet18_b32_flower'
gpu_ids = [0]

2023-02-05 21:34:47,028 - mmcls - INFO - Set random seed to 1629042960, deterministic: False
2023-02-05 21:34:47,157 - mmcls - INFO - initialize ResNet with init_cfg [{'type': 'Kaiming', 'layer': ['Conv2d']}, {'type': 'Constant', 'val': 1, 'layer': ['_BatchNorm', 'GroupNorm']}]
2023-02-05 21:34:47,243 - mmcls - INFO - initialize LinearClsHead with init_cfg {'type': 'Normal', 'layer': 'Linear', 'std': 0.01}
Name of parameter - Initialization information

backbone.conv1.weight - torch.Size([64, 3, 7, 7]): 
KaimingInit: a=0, mode=fan_out, nonlinearity=relu, distribution =normal, bias=0 

backbone.bn1.weight - torch.Size([64]): 
The value is the same before and after calling `init_weights` of ImageClassifier  

backbone.bn1.bias - torch.Size([64]): 
The value is the same before and after calling `init_weights` of ImageClassifier  

backbone.layer1.0.conv1.weight - torch.Size([64, 64, 3, 3]): 
KaimingInit: a=0, mode=fan_out, nonlinearity=relu, distribution =normal, bias=0 

backbone.layer1.0.bn1.weight - torch.Size([64]): 
The value is the same before and after calling `init_weights` of ImageClassifier  

backbone.layer1.0.bn1.bias - torch.Size([64]): 
The value is the same before and after calling `init_weights` of ImageClassifier  

backbone.layer1.0.conv2.weight - torch.Size([64, 64, 3, 3]): 
KaimingInit: a=0, mode=fan_out, nonlinearity=relu, distribution =normal, bias=0 

backbone.layer1.0.bn2.weight - torch.Size([64]): 
Initialized by user-defined `init_weights` in ResNet  

backbone.layer1.0.bn2.bias - torch.Size([64]): 
The value is the same before and after calling `init_weights` of ImageClassifier  

backbone.layer1.1.conv1.weight - torch.Size([64, 64, 3, 3]): 
KaimingInit: a=0, mode=fan_out, nonlinearity=relu, distribution =normal, bias=0 

backbone.layer1.1.bn1.weight - torch.Size([64]): 
The value is the same before and after calling `init_weights` of ImageClassifier  

backbone.layer1.1.bn1.bias - torch.Size([64]): 
The value is the same before and after calling `init_weights` of ImageClassifier  

backbone.layer1.1.conv2.weight - torch.Size([64, 64, 3, 3]): 
KaimingInit: a=0, mode=fan_out, nonlinearity=relu, distribution =normal, bias=0 

backbone.layer1.1.bn2.weight - torch.Size([64]): 
Initialized by user-defined `init_weights` in ResNet  

backbone.layer1.1.bn2.bias - torch.Size([64]): 
The value is the same before and after calling `init_weights` of ImageClassifier  

backbone.layer2.0.conv1.weight - torch.Size([128, 64, 3, 3]): 
KaimingInit: a=0, mode=fan_out, nonlinearity=relu, distribution =normal, bias=0 

backbone.layer2.0.bn1.weight - torch.Size([128]): 
The value is the same before and after calling `init_weights` of ImageClassifier  

backbone.layer2.0.bn1.bias - torch.Size([128]): 
The value is the same before and after calling `init_weights` of ImageClassifier  

backbone.layer2.0.conv2.weight - torch.Size([128, 128, 3, 3]): 
KaimingInit: a=0, mode=fan_out, nonlinearity=relu, distribution =normal, bias=0 

backbone.layer2.0.bn2.weight - torch.Size([128]): 
Initialized by user-defined `init_weights` in ResNet  

backbone.layer2.0.bn2.bias - torch.Size([128]): 
The value is the same before and after calling `init_weights` of ImageClassifier  

backbone.layer2.0.downsample.0.weight - torch.Size([128, 64, 1, 1]): 
KaimingInit: a=0, mode=fan_out, nonlinearity=relu, distribution =normal, bias=0 

backbone.layer2.0.downsample.1.weight - torch.Size([128]): 
The value is the same before and after calling `init_weights` of ImageClassifier  

backbone.layer2.0.downsample.1.bias - torch.Size([128]): 
The value is the same before and after calling `init_weights` of ImageClassifier  

backbone.layer2.1.conv1.weight - torch.Size([128, 128, 3, 3]): 
KaimingInit: a=0, mode=fan_out, nonlinearity=relu, distribution =normal, bias=0 

backbone.layer2.1.bn1.weight - torch.Size([128]): 
The value is the same before and after calling `init_weights` of ImageClassifier  

backbone.layer2.1.bn1.bias - torch.Size([128]): 
The value is the same before and after calling `init_weights` of ImageClassifier  

backbone.layer2.1.conv2.weight - torch.Size([128, 128, 3, 3]): 
KaimingInit: a=0, mode=fan_out, nonlinearity=relu, distribution =normal, bias=0 

backbone.layer2.1.bn2.weight - torch.Size([128]): 
Initialized by user-defined `init_weights` in ResNet  

backbone.layer2.1.bn2.bias - torch.Size([128]): 
The value is the same before and after calling `init_weights` of ImageClassifier  

backbone.layer3.0.conv1.weight - torch.Size([256, 128, 3, 3]): 
KaimingInit: a=0, mode=fan_out, nonlinearity=relu, distribution =normal, bias=0 

backbone.layer3.0.bn1.weight - torch.Size([256]): 
The value is the same before and after calling `init_weights` of ImageClassifier  

backbone.layer3.0.bn1.bias - torch.Size([256]): 
The value is the same before and after calling `init_weights` of ImageClassifier  

backbone.layer3.0.conv2.weight - torch.Size([256, 256, 3, 3]): 
KaimingInit: a=0, mode=fan_out, nonlinearity=relu, distribution =normal, bias=0 

backbone.layer3.0.bn2.weight - torch.Size([256]): 
Initialized by user-defined `init_weights` in ResNet  

backbone.layer3.0.bn2.bias - torch.Size([256]): 
The value is the same before and after calling `init_weights` of ImageClassifier  

backbone.layer3.0.downsample.0.weight - torch.Size([256, 128, 1, 1]): 
KaimingInit: a=0, mode=fan_out, nonlinearity=relu, distribution =normal, bias=0 

backbone.layer3.0.downsample.1.weight - torch.Size([256]): 
The value is the same before and after calling `init_weights` of ImageClassifier  

backbone.layer3.0.downsample.1.bias - torch.Size([256]): 
The value is the same before and after calling `init_weights` of ImageClassifier  

backbone.layer3.1.conv1.weight - torch.Size([256, 256, 3, 3]): 
KaimingInit: a=0, mode=fan_out, nonlinearity=relu, distribution =normal, bias=0 

backbone.layer3.1.bn1.weight - torch.Size([256]): 
The value is the same before and after calling `init_weights` of ImageClassifier  

backbone.layer3.1.bn1.bias - torch.Size([256]): 
The value is the same before and after calling `init_weights` of ImageClassifier  

backbone.layer3.1.conv2.weight - torch.Size([256, 256, 3, 3]): 
KaimingInit: a=0, mode=fan_out, nonlinearity=relu, distribution =normal, bias=0 

backbone.layer3.1.bn2.weight - torch.Size([256]): 
Initialized by user-defined `init_weights` in ResNet  

backbone.layer3.1.bn2.bias - torch.Size([256]): 
The value is the same before and after calling `init_weights` of ImageClassifier  

backbone.layer4.0.conv1.weight - torch.Size([512, 256, 3, 3]): 
KaimingInit: a=0, mode=fan_out, nonlinearity=relu, distribution =normal, bias=0 

backbone.layer4.0.bn1.weight - torch.Size([512]): 
The value is the same before and after calling `init_weights` of ImageClassifier  

backbone.layer4.0.bn1.bias - torch.Size([512]): 
The value is the same before and after calling `init_weights` of ImageClassifier  

backbone.layer4.0.conv2.weight - torch.Size([512, 512, 3, 3]): 
KaimingInit: a=0, mode=fan_out, nonlinearity=relu, distribution =normal, bias=0 

backbone.layer4.0.bn2.weight - torch.Size([512]): 
Initialized by user-defined `init_weights` in ResNet  

backbone.layer4.0.bn2.bias - torch.Size([512]): 
The value is the same before and after calling `init_weights` of ImageClassifier  

backbone.layer4.0.downsample.0.weight - torch.Size([512, 256, 1, 1]): 
KaimingInit: a=0, mode=fan_out, nonlinearity=relu, distribution =normal, bias=0 

backbone.layer4.0.downsample.1.weight - torch.Size([512]): 
The value is the same before and after calling `init_weights` of ImageClassifier  

backbone.layer4.0.downsample.1.bias - torch.Size([512]): 
The value is the same before and after calling `init_weights` of ImageClassifier  

backbone.layer4.1.conv1.weight - torch.Size([512, 512, 3, 3]): 
KaimingInit: a=0, mode=fan_out, nonlinearity=relu, distribution =normal, bias=0 

backbone.layer4.1.bn1.weight - torch.Size([512]): 
The value is the same before and after calling `init_weights` of ImageClassifier  

backbone.layer4.1.bn1.bias - torch.Size([512]): 
The value is the same before and after calling `init_weights` of ImageClassifier  

backbone.layer4.1.conv2.weight - torch.Size([512, 512, 3, 3]): 
KaimingInit: a=0, mode=fan_out, nonlinearity=relu, distribution =normal, bias=0 

backbone.layer4.1.bn2.weight - torch.Size([512]): 
Initialized by user-defined `init_weights` in ResNet  

backbone.layer4.1.bn2.bias - torch.Size([512]): 
The value is the same before and after calling `init_weights` of ImageClassifier  

head.fc.weight - torch.Size([5, 512]): 
NormalInit: mean=0, std=0.01, bias=0 

head.fc.bias - torch.Size([5]): 
NormalInit: mean=0, std=0.01, bias=0 
2023-02-05 21:35:01,156 - mmcls - INFO - load checkpoint from local path: /data/home/scv9159/mmclassification/mmclassification/checkpoints/checkpoints/resnet18_batch256_imagenet_20200708-34ab8f90.pth
2023-02-05 21:35:01,323 - mmcls - WARNING - The model and loaded state dict do not match exactly

size mismatch for head.fc.weight: copying a param with shape torch.Size([1000, 512]) from checkpoint, the shape in current model is torch.Size([5, 512]).
size mismatch for head.fc.bias: copying a param with shape torch.Size([1000]) from checkpoint, the shape in current model is torch.Size([5]).
2023-02-05 21:35:01,323 - mmcls - INFO - Start running, host: scv9159@g0038, work_dir: /data/home/scv9159/mmclassification/mmclassification/work/resnet18_b32_flower
2023-02-05 21:35:01,324 - mmcls - INFO - Hooks will be executed in the following order:
before_run:
(VERY_HIGH   ) StepLrUpdaterHook                  
(NORMAL      ) CheckpointHook                     
(LOW         ) EvalHook                           
(VERY_LOW    ) TextLoggerHook                     
 -------------------- 
before_train_epoch:
(VERY_HIGH   ) StepLrUpdaterHook                  
(LOW         ) IterTimerHook                      
(LOW         ) EvalHook                           
(VERY_LOW    ) TextLoggerHook                     
 -------------------- 
before_train_iter:
(VERY_HIGH   ) StepLrUpdaterHook                  
(LOW         ) IterTimerHook                      
(LOW         ) EvalHook                           
 -------------------- 
after_train_iter:
(ABOVE_NORMAL) OptimizerHook                      
(NORMAL      ) CheckpointHook                     
(LOW         ) IterTimerHook                      
(LOW         ) EvalHook                           
(VERY_LOW    ) TextLoggerHook                     
 -------------------- 
after_train_epoch:
(NORMAL      ) CheckpointHook                     
(LOW         ) EvalHook                           
(VERY_LOW    ) TextLoggerHook                     
 -------------------- 
before_val_epoch:
(LOW         ) IterTimerHook                      
(VERY_LOW    ) TextLoggerHook                     
 -------------------- 
before_val_iter:
(LOW         ) IterTimerHook                      
 -------------------- 
after_val_iter:
(LOW         ) IterTimerHook                      
 -------------------- 
after_val_epoch:
(VERY_LOW    ) TextLoggerHook                     
 -------------------- 
after_run:
(VERY_LOW    ) TextLoggerHook                     
 -------------------- 
2023-02-05 21:35:01,324 - mmcls - INFO - workflow: [('train', 1)], max: 100 epochs
2023-02-05 21:35:01,324 - mmcls - INFO - Checkpoints will be saved to /data/home/scv9159/mmclassification/mmclassification/work/resnet18_b32_flower by HardDiskBackend.
2023-02-05 21:35:11,575 - mmcls - INFO - Saving checkpoint at 1 epochs
2023-02-05 21:35:13,752 - mmcls - INFO - Epoch(val) [1][18]	accuracy_top-1: 91.7832, accuracy_top-5: 100.0000
2023-02-05 21:35:20,405 - mmcls - INFO - Saving checkpoint at 2 epochs
2023-02-05 21:35:22,070 - mmcls - INFO - Epoch(val) [2][18]	accuracy_top-1: 92.4825, accuracy_top-5: 100.0000
2023-02-05 21:35:28,809 - mmcls - INFO - Saving checkpoint at 3 epochs
2023-02-05 21:35:30,262 - mmcls - INFO - Epoch(val) [3][18]	accuracy_top-1: 92.3077, accuracy_top-5: 100.0000
2023-02-05 21:35:36,910 - mmcls - INFO - Saving checkpoint at 4 epochs
2023-02-05 21:35:38,408 - mmcls - INFO - Epoch(val) [4][18]	accuracy_top-1: 93.7063, accuracy_top-5: 100.0000
2023-02-05 21:35:45,044 - mmcls - INFO - Saving checkpoint at 5 epochs
2023-02-05 21:35:46,517 - mmcls - INFO - Epoch(val) [5][18]	accuracy_top-1: 93.1818, accuracy_top-5: 100.0000
2023-02-05 21:35:53,280 - mmcls - INFO - Saving checkpoint at 6 epochs
2023-02-05 21:35:54,769 - mmcls - INFO - Epoch(val) [6][18]	accuracy_top-1: 93.5315, accuracy_top-5: 100.0000
2023-02-05 21:36:01,523 - mmcls - INFO - Saving checkpoint at 7 epochs
2023-02-05 21:36:03,077 - mmcls - INFO - Epoch(val) [7][18]	accuracy_top-1: 92.8322, accuracy_top-5: 100.0000
2023-02-05 21:36:09,717 - mmcls - INFO - Saving checkpoint at 8 epochs
2023-02-05 21:36:11,177 - mmcls - INFO - Epoch(val) [8][18]	accuracy_top-1: 93.1818, accuracy_top-5: 100.0000
2023-02-05 21:36:17,891 - mmcls - INFO - Saving checkpoint at 9 epochs
2023-02-05 21:36:19,460 - mmcls - INFO - Epoch(val) [9][18]	accuracy_top-1: 93.3566, accuracy_top-5: 100.0000
2023-02-05 21:36:25,994 - mmcls - INFO - Saving checkpoint at 10 epochs
2023-02-05 21:36:27,547 - mmcls - INFO - Epoch(val) [10][18]	accuracy_top-1: 94.2308, accuracy_top-5: 100.0000
2023-02-05 21:36:34,524 - mmcls - INFO - Saving checkpoint at 11 epochs
2023-02-05 21:36:35,982 - mmcls - INFO - Epoch(val) [11][18]	accuracy_top-1: 94.2308, accuracy_top-5: 100.0000
2023-02-05 21:36:42,619 - mmcls - INFO - Saving checkpoint at 12 epochs
2023-02-05 21:36:44,064 - mmcls - INFO - Epoch(val) [12][18]	accuracy_top-1: 93.5315, accuracy_top-5: 100.0000
2023-02-05 21:36:51,075 - mmcls - INFO - Saving checkpoint at 13 epochs
2023-02-05 21:36:52,533 - mmcls - INFO - Epoch(val) [13][18]	accuracy_top-1: 93.5315, accuracy_top-5: 100.0000
2023-02-05 21:36:59,162 - mmcls - INFO - Saving checkpoint at 14 epochs
2023-02-05 21:37:00,642 - mmcls - INFO - Epoch(val) [14][18]	accuracy_top-1: 94.2308, accuracy_top-5: 100.0000
2023-02-05 21:37:07,435 - mmcls - INFO - Saving checkpoint at 15 epochs
2023-02-05 21:37:08,942 - mmcls - INFO - Epoch(val) [15][18]	accuracy_top-1: 93.8811, accuracy_top-5: 100.0000
2023-02-05 21:37:15,635 - mmcls - INFO - Saving checkpoint at 16 epochs
2023-02-05 21:37:17,146 - mmcls - INFO - Epoch(val) [16][18]	accuracy_top-1: 94.0559, accuracy_top-5: 100.0000
2023-02-05 21:37:23,666 - mmcls - INFO - Saving checkpoint at 17 epochs
2023-02-05 21:37:25,110 - mmcls - INFO - Epoch(val) [17][18]	accuracy_top-1: 94.2308, accuracy_top-5: 100.0000
2023-02-05 21:37:31,679 - mmcls - INFO - Saving checkpoint at 18 epochs
2023-02-05 21:37:33,166 - mmcls - INFO - Epoch(val) [18][18]	accuracy_top-1: 94.2308, accuracy_top-5: 100.0000
2023-02-05 21:37:39,839 - mmcls - INFO - Saving checkpoint at 19 epochs
2023-02-05 21:37:41,378 - mmcls - INFO - Epoch(val) [19][18]	accuracy_top-1: 94.2308, accuracy_top-5: 100.0000
2023-02-05 21:37:48,000 - mmcls - INFO - Saving checkpoint at 20 epochs
2023-02-05 21:37:49,494 - mmcls - INFO - Epoch(val) [20][18]	accuracy_top-1: 94.4056, accuracy_top-5: 100.0000
2023-02-05 21:37:56,101 - mmcls - INFO - Saving checkpoint at 21 epochs
2023-02-05 21:37:57,578 - mmcls - INFO - Epoch(val) [21][18]	accuracy_top-1: 93.8811, accuracy_top-5: 100.0000
2023-02-05 21:38:04,289 - mmcls - INFO - Saving checkpoint at 22 epochs
2023-02-05 21:38:05,769 - mmcls - INFO - Epoch(val) [22][18]	accuracy_top-1: 94.5804, accuracy_top-5: 100.0000
2023-02-05 21:38:12,350 - mmcls - INFO - Saving checkpoint at 23 epochs
2023-02-05 21:38:13,837 - mmcls - INFO - Epoch(val) [23][18]	accuracy_top-1: 94.5804, accuracy_top-5: 100.0000
2023-02-05 21:38:20,519 - mmcls - INFO - Saving checkpoint at 24 epochs
2023-02-05 21:38:22,157 - mmcls - INFO - Epoch(val) [24][18]	accuracy_top-1: 94.5804, accuracy_top-5: 100.0000
2023-02-05 21:38:28,855 - mmcls - INFO - Saving checkpoint at 25 epochs
2023-02-05 21:38:30,440 - mmcls - INFO - Epoch(val) [25][18]	accuracy_top-1: 94.5804, accuracy_top-5: 100.0000
2023-02-05 21:38:37,351 - mmcls - INFO - Saving checkpoint at 26 epochs
2023-02-05 21:38:39,035 - mmcls - INFO - Epoch(val) [26][18]	accuracy_top-1: 94.0559, accuracy_top-5: 100.0000
2023-02-05 21:38:45,779 - mmcls - INFO - Saving checkpoint at 27 epochs
2023-02-05 21:38:47,313 - mmcls - INFO - Epoch(val) [27][18]	accuracy_top-1: 94.5804, accuracy_top-5: 100.0000
2023-02-05 21:38:54,069 - mmcls - INFO - Saving checkpoint at 28 epochs
2023-02-05 21:38:55,571 - mmcls - INFO - Epoch(val) [28][18]	accuracy_top-1: 95.1049, accuracy_top-5: 100.0000
2023-02-05 21:39:02,497 - mmcls - INFO - Saving checkpoint at 29 epochs
2023-02-05 21:39:04,047 - mmcls - INFO - Epoch(val) [29][18]	accuracy_top-1: 95.2797, accuracy_top-5: 100.0000
2023-02-05 21:39:10,890 - mmcls - INFO - Saving checkpoint at 30 epochs
2023-02-05 21:39:12,424 - mmcls - INFO - Epoch(val) [30][18]	accuracy_top-1: 94.9301, accuracy_top-5: 100.0000
2023-02-05 21:39:19,259 - mmcls - INFO - Saving checkpoint at 31 epochs
2023-02-05 21:39:20,745 - mmcls - INFO - Epoch(val) [31][18]	accuracy_top-1: 94.9301, accuracy_top-5: 100.0000
2023-02-05 21:39:27,779 - mmcls - INFO - Saving checkpoint at 32 epochs
2023-02-05 21:39:29,334 - mmcls - INFO - Epoch(val) [32][18]	accuracy_top-1: 95.1049, accuracy_top-5: 100.0000
2023-02-05 21:39:36,098 - mmcls - INFO - Saving checkpoint at 33 epochs
2023-02-05 21:39:37,658 - mmcls - INFO - Epoch(val) [33][18]	accuracy_top-1: 95.6294, accuracy_top-5: 100.0000
2023-02-05 21:39:44,640 - mmcls - INFO - Saving checkpoint at 34 epochs
2023-02-05 21:39:46,235 - mmcls - INFO - Epoch(val) [34][18]	accuracy_top-1: 94.4056, accuracy_top-5: 100.0000
2023-02-05 21:39:52,971 - mmcls - INFO - Saving checkpoint at 35 epochs
2023-02-05 21:39:54,493 - mmcls - INFO - Epoch(val) [35][18]	accuracy_top-1: 95.8042, accuracy_top-5: 100.0000
2023-02-05 21:40:01,318 - mmcls - INFO - Saving checkpoint at 36 epochs
2023-02-05 21:40:02,864 - mmcls - INFO - Epoch(val) [36][18]	accuracy_top-1: 95.2797, accuracy_top-5: 100.0000
2023-02-05 21:40:09,675 - mmcls - INFO - Saving checkpoint at 37 epochs
2023-02-05 21:40:11,275 - mmcls - INFO - Epoch(val) [37][18]	accuracy_top-1: 95.1049, accuracy_top-5: 100.0000
2023-02-05 21:40:18,257 - mmcls - INFO - Saving checkpoint at 38 epochs
2023-02-05 21:40:19,757 - mmcls - INFO - Epoch(val) [38][18]	accuracy_top-1: 94.5804, accuracy_top-5: 100.0000
2023-02-05 21:40:26,682 - mmcls - INFO - Saving checkpoint at 39 epochs
2023-02-05 21:40:28,181 - mmcls - INFO - Epoch(val) [39][18]	accuracy_top-1: 94.7552, accuracy_top-5: 100.0000
2023-02-05 21:40:35,330 - mmcls - INFO - Saving checkpoint at 40 epochs
2023-02-05 21:40:36,873 - mmcls - INFO - Epoch(val) [40][18]	accuracy_top-1: 94.7552, accuracy_top-5: 100.0000
2023-02-05 21:40:43,795 - mmcls - INFO - Saving checkpoint at 41 epochs
2023-02-05 21:40:45,339 - mmcls - INFO - Epoch(val) [41][18]	accuracy_top-1: 95.1049, accuracy_top-5: 100.0000
2023-02-05 21:40:52,241 - mmcls - INFO - Saving checkpoint at 42 epochs
2023-02-05 21:40:53,743 - mmcls - INFO - Epoch(val) [42][18]	accuracy_top-1: 95.2797, accuracy_top-5: 100.0000
2023-02-05 21:41:00,612 - mmcls - INFO - Saving checkpoint at 43 epochs
2023-02-05 21:41:02,210 - mmcls - INFO - Epoch(val) [43][18]	accuracy_top-1: 95.6294, accuracy_top-5: 100.0000
2023-02-05 21:41:09,293 - mmcls - INFO - Saving checkpoint at 44 epochs
2023-02-05 21:41:10,858 - mmcls - INFO - Epoch(val) [44][18]	accuracy_top-1: 94.9301, accuracy_top-5: 100.0000
2023-02-05 21:41:17,812 - mmcls - INFO - Saving checkpoint at 45 epochs
2023-02-05 21:41:19,333 - mmcls - INFO - Epoch(val) [45][18]	accuracy_top-1: 94.5804, accuracy_top-5: 100.0000
2023-02-05 21:41:26,603 - mmcls - INFO - Saving checkpoint at 46 epochs
2023-02-05 21:41:28,217 - mmcls - INFO - Epoch(val) [46][18]	accuracy_top-1: 94.7552, accuracy_top-5: 100.0000
2023-02-05 21:41:35,184 - mmcls - INFO - Saving checkpoint at 47 epochs
2023-02-05 21:41:36,700 - mmcls - INFO - Epoch(val) [47][18]	accuracy_top-1: 94.7552, accuracy_top-5: 100.0000
2023-02-05 21:41:43,455 - mmcls - INFO - Saving checkpoint at 48 epochs
2023-02-05 21:41:45,092 - mmcls - INFO - Epoch(val) [48][18]	accuracy_top-1: 94.5804, accuracy_top-5: 100.0000
2023-02-05 21:41:52,112 - mmcls - INFO - Saving checkpoint at 49 epochs
2023-02-05 21:41:53,669 - mmcls - INFO - Epoch(val) [49][18]	accuracy_top-1: 94.7552, accuracy_top-5: 100.0000
2023-02-05 21:42:00,548 - mmcls - INFO - Saving checkpoint at 50 epochs
2023-02-05 21:42:02,045 - mmcls - INFO - Epoch(val) [50][18]	accuracy_top-1: 95.4545, accuracy_top-5: 100.0000
2023-02-05 21:42:08,864 - mmcls - INFO - Saving checkpoint at 51 epochs
2023-02-05 21:42:10,366 - mmcls - INFO - Epoch(val) [51][18]	accuracy_top-1: 95.2797, accuracy_top-5: 100.0000
2023-02-05 21:42:17,318 - mmcls - INFO - Saving checkpoint at 52 epochs
2023-02-05 21:42:18,909 - mmcls - INFO - Epoch(val) [52][18]	accuracy_top-1: 94.9301, accuracy_top-5: 100.0000
2023-02-05 21:42:25,749 - mmcls - INFO - Saving checkpoint at 53 epochs
2023-02-05 21:42:27,367 - mmcls - INFO - Epoch(val) [53][18]	accuracy_top-1: 94.7552, accuracy_top-5: 100.0000
2023-02-05 21:42:34,331 - mmcls - INFO - Saving checkpoint at 54 epochs
2023-02-05 21:42:35,854 - mmcls - INFO - Epoch(val) [54][18]	accuracy_top-1: 95.1049, accuracy_top-5: 100.0000
2023-02-05 21:42:42,539 - mmcls - INFO - Saving checkpoint at 55 epochs
2023-02-05 21:42:44,085 - mmcls - INFO - Epoch(val) [55][18]	accuracy_top-1: 95.4545, accuracy_top-5: 100.0000
2023-02-05 21:42:50,861 - mmcls - INFO - Saving checkpoint at 56 epochs
2023-02-05 21:42:52,413 - mmcls - INFO - Epoch(val) [56][18]	accuracy_top-1: 95.1049, accuracy_top-5: 100.0000
2023-02-05 21:42:59,252 - mmcls - INFO - Saving checkpoint at 57 epochs
2023-02-05 21:43:00,711 - mmcls - INFO - Epoch(val) [57][18]	accuracy_top-1: 95.9790, accuracy_top-5: 100.0000
2023-02-05 21:43:07,492 - mmcls - INFO - Saving checkpoint at 58 epochs
2023-02-05 21:43:09,008 - mmcls - INFO - Epoch(val) [58][18]	accuracy_top-1: 95.6294, accuracy_top-5: 100.0000
2023-02-05 21:43:15,870 - mmcls - INFO - Saving checkpoint at 59 epochs
2023-02-05 21:43:17,402 - mmcls - INFO - Epoch(val) [59][18]	accuracy_top-1: 95.9790, accuracy_top-5: 100.0000
2023-02-05 21:43:24,117 - mmcls - INFO - Saving checkpoint at 60 epochs
2023-02-05 21:43:25,618 - mmcls - INFO - Epoch(val) [60][18]	accuracy_top-1: 96.1538, accuracy_top-5: 100.0000
2023-02-05 21:43:32,373 - mmcls - INFO - Saving checkpoint at 61 epochs
2023-02-05 21:43:33,905 - mmcls - INFO - Epoch(val) [61][18]	accuracy_top-1: 95.1049, accuracy_top-5: 100.0000
2023-02-05 21:43:40,559 - mmcls - INFO - Saving checkpoint at 62 epochs
2023-02-05 21:43:42,089 - mmcls - INFO - Epoch(val) [62][18]	accuracy_top-1: 96.1538, accuracy_top-5: 100.0000
2023-02-05 21:43:48,844 - mmcls - INFO - Saving checkpoint at 63 epochs
2023-02-05 21:43:50,369 - mmcls - INFO - Epoch(val) [63][18]	accuracy_top-1: 96.6783, accuracy_top-5: 100.0000
2023-02-05 21:43:57,526 - mmcls - INFO - Saving checkpoint at 64 epochs
2023-02-05 21:43:59,127 - mmcls - INFO - Epoch(val) [64][18]	accuracy_top-1: 95.2797, accuracy_top-5: 100.0000
2023-02-05 21:44:05,907 - mmcls - INFO - Saving checkpoint at 65 epochs
2023-02-05 21:44:07,579 - mmcls - INFO - Epoch(val) [65][18]	accuracy_top-1: 95.4545, accuracy_top-5: 100.0000
2023-02-05 21:44:14,418 - mmcls - INFO - Saving checkpoint at 66 epochs
2023-02-05 21:44:15,918 - mmcls - INFO - Epoch(val) [66][18]	accuracy_top-1: 94.4056, accuracy_top-5: 100.0000
2023-02-05 21:44:22,649 - mmcls - INFO - Saving checkpoint at 67 epochs
2023-02-05 21:44:24,162 - mmcls - INFO - Epoch(val) [67][18]	accuracy_top-1: 95.4545, accuracy_top-5: 100.0000
2023-02-05 21:44:30,838 - mmcls - INFO - Saving checkpoint at 68 epochs
2023-02-05 21:44:32,289 - mmcls - INFO - Epoch(val) [68][18]	accuracy_top-1: 95.8042, accuracy_top-5: 100.0000
2023-02-05 21:44:39,115 - mmcls - INFO - Saving checkpoint at 69 epochs
2023-02-05 21:44:40,642 - mmcls - INFO - Epoch(val) [69][18]	accuracy_top-1: 95.6294, accuracy_top-5: 100.0000
2023-02-05 21:44:47,327 - mmcls - INFO - Saving checkpoint at 70 epochs
2023-02-05 21:44:48,851 - mmcls - INFO - Epoch(val) [70][18]	accuracy_top-1: 95.2797, accuracy_top-5: 100.0000
2023-02-05 21:44:55,804 - mmcls - INFO - Saving checkpoint at 71 epochs
2023-02-05 21:44:57,309 - mmcls - INFO - Epoch(val) [71][18]	accuracy_top-1: 95.6294, accuracy_top-5: 100.0000
2023-02-05 21:45:04,161 - mmcls - INFO - Saving checkpoint at 72 epochs
2023-02-05 21:45:05,667 - mmcls - INFO - Epoch(val) [72][18]	accuracy_top-1: 94.9301, accuracy_top-5: 100.0000
2023-02-05 21:45:12,432 - mmcls - INFO - Saving checkpoint at 73 epochs
2023-02-05 21:45:14,000 - mmcls - INFO - Epoch(val) [73][18]	accuracy_top-1: 94.7552, accuracy_top-5: 100.0000
2023-02-05 21:45:21,063 - mmcls - INFO - Saving checkpoint at 74 epochs
2023-02-05 21:45:22,685 - mmcls - INFO - Epoch(val) [74][18]	accuracy_top-1: 95.9790, accuracy_top-5: 100.0000
2023-02-05 21:45:29,626 - mmcls - INFO - Saving checkpoint at 75 epochs
2023-02-05 21:45:31,179 - mmcls - INFO - Epoch(val) [75][18]	accuracy_top-1: 95.4545, accuracy_top-5: 100.0000
2023-02-05 21:45:38,095 - mmcls - INFO - Saving checkpoint at 76 epochs
2023-02-05 21:45:39,606 - mmcls - INFO - Epoch(val) [76][18]	accuracy_top-1: 96.1538, accuracy_top-5: 100.0000
2023-02-05 21:45:46,243 - mmcls - INFO - Saving checkpoint at 77 epochs
2023-02-05 21:45:47,752 - mmcls - INFO - Epoch(val) [77][18]	accuracy_top-1: 95.4545, accuracy_top-5: 100.0000
2023-02-05 21:45:54,589 - mmcls - INFO - Saving checkpoint at 78 epochs
2023-02-05 21:45:56,127 - mmcls - INFO - Epoch(val) [78][18]	accuracy_top-1: 95.4545, accuracy_top-5: 100.0000
2023-02-05 21:46:03,001 - mmcls - INFO - Saving checkpoint at 79 epochs
2023-02-05 21:46:04,489 - mmcls - INFO - Epoch(val) [79][18]	accuracy_top-1: 94.5804, accuracy_top-5: 100.0000
2023-02-05 21:46:11,425 - mmcls - INFO - Saving checkpoint at 80 epochs
2023-02-05 21:46:12,927 - mmcls - INFO - Epoch(val) [80][18]	accuracy_top-1: 95.1049, accuracy_top-5: 100.0000
2023-02-05 21:46:19,922 - mmcls - INFO - Saving checkpoint at 81 epochs
2023-02-05 21:46:21,516 - mmcls - INFO - Epoch(val) [81][18]	accuracy_top-1: 95.6294, accuracy_top-5: 100.0000
2023-02-05 21:46:28,230 - mmcls - INFO - Saving checkpoint at 82 epochs
2023-02-05 21:46:29,726 - mmcls - INFO - Epoch(val) [82][18]	accuracy_top-1: 95.4545, accuracy_top-5: 100.0000
2023-02-05 21:46:36,722 - mmcls - INFO - Saving checkpoint at 83 epochs
2023-02-05 21:46:38,214 - mmcls - INFO - Epoch(val) [83][18]	accuracy_top-1: 95.6294, accuracy_top-5: 100.0000
2023-02-05 21:46:45,271 - mmcls - INFO - Saving checkpoint at 84 epochs
2023-02-05 21:46:46,848 - mmcls - INFO - Epoch(val) [84][18]	accuracy_top-1: 95.4545, accuracy_top-5: 100.0000
2023-02-05 21:46:53,677 - mmcls - INFO - Saving checkpoint at 85 epochs
2023-02-05 21:46:55,197 - mmcls - INFO - Epoch(val) [85][18]	accuracy_top-1: 94.7552, accuracy_top-5: 100.0000
2023-02-05 21:47:02,063 - mmcls - INFO - Saving checkpoint at 86 epochs
2023-02-05 21:47:03,661 - mmcls - INFO - Epoch(val) [86][18]	accuracy_top-1: 96.1538, accuracy_top-5: 100.0000
2023-02-05 21:47:10,414 - mmcls - INFO - Saving checkpoint at 87 epochs
2023-02-05 21:47:11,919 - mmcls - INFO - Epoch(val) [87][18]	accuracy_top-1: 94.9301, accuracy_top-5: 100.0000
2023-02-05 21:47:18,747 - mmcls - INFO - Saving checkpoint at 88 epochs
2023-02-05 21:47:20,301 - mmcls - INFO - Epoch(val) [88][18]	accuracy_top-1: 95.4545, accuracy_top-5: 100.0000
2023-02-05 21:47:27,486 - mmcls - INFO - Saving checkpoint at 89 epochs
2023-02-05 21:47:29,048 - mmcls - INFO - Epoch(val) [89][18]	accuracy_top-1: 95.4545, accuracy_top-5: 100.0000
2023-02-05 21:47:36,002 - mmcls - INFO - Saving checkpoint at 90 epochs
2023-02-05 21:47:37,464 - mmcls - INFO - Epoch(val) [90][18]	accuracy_top-1: 95.2797, accuracy_top-5: 100.0000
2023-02-05 21:47:44,358 - mmcls - INFO - Saving checkpoint at 91 epochs
2023-02-05 21:47:45,919 - mmcls - INFO - Epoch(val) [91][18]	accuracy_top-1: 96.1538, accuracy_top-5: 100.0000
2023-02-05 21:47:52,771 - mmcls - INFO - Saving checkpoint at 92 epochs
2023-02-05 21:47:54,291 - mmcls - INFO - Epoch(val) [92][18]	accuracy_top-1: 95.4545, accuracy_top-5: 100.0000
2023-02-05 21:48:01,225 - mmcls - INFO - Saving checkpoint at 93 epochs
2023-02-05 21:48:02,736 - mmcls - INFO - Epoch(val) [93][18]	accuracy_top-1: 95.6294, accuracy_top-5: 100.0000
2023-02-05 21:48:09,882 - mmcls - INFO - Saving checkpoint at 94 epochs
2023-02-05 21:48:11,396 - mmcls - INFO - Epoch(val) [94][18]	accuracy_top-1: 96.1538, accuracy_top-5: 100.0000
2023-02-05 21:48:18,146 - mmcls - INFO - Saving checkpoint at 95 epochs
2023-02-05 21:48:19,742 - mmcls - INFO - Epoch(val) [95][18]	accuracy_top-1: 95.8042, accuracy_top-5: 100.0000
2023-02-05 21:48:26,845 - mmcls - INFO - Saving checkpoint at 96 epochs
2023-02-05 21:48:28,317 - mmcls - INFO - Epoch(val) [96][18]	accuracy_top-1: 95.2797, accuracy_top-5: 100.0000
2023-02-05 21:48:35,114 - mmcls - INFO - Saving checkpoint at 97 epochs
2023-02-05 21:48:36,657 - mmcls - INFO - Epoch(val) [97][18]	accuracy_top-1: 95.4545, accuracy_top-5: 100.0000
2023-02-05 21:48:43,400 - mmcls - INFO - Saving checkpoint at 98 epochs
2023-02-05 21:48:44,901 - mmcls - INFO - Epoch(val) [98][18]	accuracy_top-1: 95.9790, accuracy_top-5: 100.0000
2023-02-05 21:48:51,744 - mmcls - INFO - Saving checkpoint at 99 epochs
2023-02-05 21:48:53,335 - mmcls - INFO - Epoch(val) [99][18]	accuracy_top-1: 95.1049, accuracy_top-5: 100.0000
2023-02-05 21:49:00,227 - mmcls - INFO - Saving checkpoint at 100 epochs
2023-02-05 21:49:01,788 - mmcls - INFO - Epoch(val) [100][18]	accuracy_top-1: 95.6294, accuracy_top-5: 100.0000
